2025-03-15 17:10:50,293 - INFO - Succesfully read the YAML file
2025-03-15 17:10:50,293 - INFO - Data Ingestion started with gcphotelbucket and file is Hotel_Reservations.csv
2025-03-15 17:10:50,293 - INFO - Starting Data Ingestion process
2025-03-15 17:10:51,490 - INFO - Downloaded Hotel_Reservations.csv from gcphotelbucket successfully
2025-03-15 17:10:51,491 - INFO - starting the splitting process
2025-03-15 17:10:51,900 - INFO - Train data saved to artifacts/raw\train.csv
2025-03-15 17:10:51,901 - INFO - Train data saved to artifacts/raw\test.csv
2025-03-15 17:10:51,904 - INFO - Data Ingestion completed successfully
2025-03-15 17:10:51,904 - INFO - Data Ingestion process completed
2025-03-15 17:10:51,908 - INFO - Succesfully read the YAML file
2025-03-15 17:10:51,930 - INFO - Starting data processing
2025-03-15 17:10:51,930 - INFO - loading data
2025-03-15 17:10:52,083 - INFO - loading data
2025-03-15 17:10:52,114 - INFO - Starting preprocessing
2025-03-15 17:10:52,114 - INFO - Dropping irrelevant columns
2025-03-15 17:10:52,152 - INFO - Label encoding
2025-03-15 17:10:52,174 - INFO - Label Mappings are : 
2025-03-15 17:10:52,174 - INFO - type_of_meal_plan : {'Meal Plan 1': np.int64(0), 'Meal Plan 2': np.int64(1), 'Meal Plan 3': np.int64(2), 'Not Selected': np.int64(3)}
2025-03-15 17:10:52,174 - INFO - required_car_parking_space : {np.int64(0): np.int64(0), np.int64(1): np.int64(1)}
2025-03-15 17:10:52,174 - INFO - room_type_reserved : {'Room_Type 1': np.int64(0), 'Room_Type 2': np.int64(1), 'Room_Type 3': np.int64(2), 'Room_Type 4': np.int64(3), 'Room_Type 5': np.int64(4), 'Room_Type 6': np.int64(5), 'Room_Type 7': np.int64(6)}
2025-03-15 17:10:52,175 - INFO - market_segment_type : {'Aviation': np.int64(0), 'Complementary': np.int64(1), 'Corporate': np.int64(2), 'Offline': np.int64(3), 'Online': np.int64(4)}
2025-03-15 17:10:52,175 - INFO - repeated_guest : {np.int64(0): np.int64(0), np.int64(1): np.int64(1)}
2025-03-15 17:10:52,175 - INFO - booking_status : {'Canceled': np.int64(0), 'Not_Canceled': np.int64(1)}
2025-03-15 17:10:52,175 - INFO - Skewness handling:
2025-03-15 17:10:52,181 - INFO - Starting preprocessing
2025-03-15 17:10:52,181 - INFO - Dropping irrelevant columns
2025-03-15 17:10:52,188 - INFO - Label encoding
2025-03-15 17:10:52,196 - INFO - Label Mappings are : 
2025-03-15 17:10:52,196 - INFO - type_of_meal_plan : {'Meal Plan 1': np.int64(0), 'Meal Plan 2': np.int64(1), 'Meal Plan 3': np.int64(2), 'Not Selected': np.int64(3)}
2025-03-15 17:10:52,196 - INFO - required_car_parking_space : {np.int64(0): np.int64(0), np.int64(1): np.int64(1)}
2025-03-15 17:10:52,196 - INFO - room_type_reserved : {'Room_Type 1': np.int64(0), 'Room_Type 2': np.int64(1), 'Room_Type 3': np.int64(2), 'Room_Type 4': np.int64(3), 'Room_Type 5': np.int64(4), 'Room_Type 6': np.int64(5), 'Room_Type 7': np.int64(6)}
2025-03-15 17:10:52,196 - INFO - market_segment_type : {'Aviation': np.int64(0), 'Complementary': np.int64(1), 'Corporate': np.int64(2), 'Offline': np.int64(3), 'Online': np.int64(4)}
2025-03-15 17:10:52,196 - INFO - repeated_guest : {np.int64(0): np.int64(0), np.int64(1): np.int64(1)}
2025-03-15 17:10:52,196 - INFO - booking_status : {'Canceled': np.int64(0), 'Not_Canceled': np.int64(1)}
2025-03-15 17:10:52,197 - INFO - Skewness handling:
2025-03-15 17:10:52,200 - INFO - Hanlding Imbalance datae
2025-03-15 17:10:52,520 - INFO - Data balanced successfully
2025-03-15 17:10:52,521 - INFO - Hanlding Imbalance datae
2025-03-15 17:10:52,543 - INFO - Data balanced successfully
2025-03-15 17:10:52,543 - INFO - Feature selection started
2025-03-15 17:10:53,545 - INFO - Top 10 features selected are : ['no_of_previous_cancellations' 'no_of_previous_bookings_not_canceled'
 'no_of_special_requests' 'lead_time' 'market_segment_type'
 'avg_price_per_room' 'arrival_month' 'required_car_parking_space'
 'repeated_guest' 'arrival_year'] 
2025-03-15 17:10:53,547 - INFO - Top 10 features selected successfully
2025-03-15 17:10:53,550 - INFO - Saving processed data to artifacts/processed\processed_train.csv
2025-03-15 17:10:53,750 - INFO - Saving processed data to artifacts/processed\processed_test.csv
2025-03-15 17:10:53,797 - INFO - Data processing completed successfully
2025-03-15 17:10:55,372 - INFO - Starting our Model Training pipeline
2025-03-15 17:10:55,372 - INFO - Starting our MLFLOW experimentation
2025-03-15 17:10:55,372 - INFO - Logging the training and testing datset to MLFLOW
2025-03-15 17:10:55,382 - INFO - Loading data from artifacts/processed\processed_train.csv
2025-03-15 17:10:55,382 - INFO - loading data
2025-03-15 17:10:55,436 - INFO - Loading data from artifacts/processed\processed_test.csv
2025-03-15 17:10:55,436 - INFO - loading data
2025-03-15 17:10:55,466 - INFO - Data splitted sucefully for Model Training
2025-03-15 17:10:55,467 - INFO - Intializing our model
2025-03-15 17:10:55,467 - INFO - Starting our Hyperparamter tuning
2025-03-15 17:10:55,467 - INFO - Starting our Hyperparamter tuning
2025-03-15 17:11:20,954 - INFO - Hyperparamter tuning completed
2025-03-15 17:11:20,954 - INFO - Best paramters are : {'boosting_type': 'goss', 'learning_rate': np.float64(0.1693085973720466), 'max_depth': 19, 'n_estimators': 206, 'num_leaves': 91}
2025-03-15 17:11:20,954 - INFO - Evaluating our model
2025-03-15 17:11:20,980 - INFO - Accuracy Score : 1.0
2025-03-15 17:11:20,980 - INFO - Precision Score : 1.0
2025-03-15 17:11:20,980 - INFO - Recall Score : 1.0
2025-03-15 17:11:20,980 - INFO - F1 Score : 1.0
2025-03-15 17:11:20,981 - INFO - saving the model
2025-03-15 17:11:20,989 - INFO - Model saved to artifacts/models/lgbm_model.pkl
2025-03-15 17:11:20,990 - INFO - Logging the model into MLFLOW
2025-03-15 17:11:20,993 - INFO - Logging Params and metrics to MLFLOW
2025-03-15 17:11:21,025 - INFO - Model Training sucesfullly completed
